<?xml version="1.0" encoding="UTF-8"?>
<!-- Generated by org.testng.reporters.JUnitReportReporter -->
<testsuite hostname="DESKTOP-RGF5HON" failures="0" tests="1" name="navish.SampleDemo.AppTest" time="8.260" errors="0" timestamp="01 Sep 2018 08:32:28 GMT" skipped="0">
  <testcase classname="navish.SampleDemo.AppTest" name="Test1" time="8.260"/>
</testsuite> <!-- navish.SampleDemo.AppTest -->
